D:\Projects\GIBDD\PL_ASP_5\ClientApp\dist\out-tsc\e2e\src\app.po.js
D:\Projects\GIBDD\PL_ASP_5\ClientApp\dist\out-tsc\e2e\src\app.po.js.map
D:\Projects\GIBDD\PL_ASP_5\ClientApp\dist\out-tsc\e2e\src\app.e2e-spec.js
D:\Projects\GIBDD\PL_ASP_5\ClientApp\dist\out-tsc\e2e\src\app.e2e-spec.js.map
D:\Projects\GIBDD\PL_ASP_5\ClientApp\dist\out-tsc\src\app\components\dialog-box\dialog-box.component.js
D:\Projects\GIBDD\PL_ASP_5\ClientApp\dist\out-tsc\src\app\components\dialog-box\dialog-box.component.js.map
D:\Projects\GIBDD\PL_ASP_5\ClientApp\dist\out-tsc\src\app\app.component.js
D:\Projects\GIBDD\PL_ASP_5\ClientApp\dist\out-tsc\src\app\app.component.js.map
D:\Projects\GIBDD\PL_ASP_5\ClientApp\dist\out-tsc\src\app\services\user\user.service.js
D:\Projects\GIBDD\PL_ASP_5\ClientApp\dist\out-tsc\src\app\services\user\user.service.js.map
D:\Projects\GIBDD\PL_ASP_5\ClientApp\dist\out-tsc\src\app\components\nav-menu\nav-menu.component.js
D:\Projects\GIBDD\PL_ASP_5\ClientApp\dist\out-tsc\src\app\components\nav-menu\nav-menu.component.js.map
D:\Projects\GIBDD\PL_ASP_5\ClientApp\dist\out-tsc\src\app\components\vehicle\vehicle.component.js
D:\Projects\GIBDD\PL_ASP_5\ClientApp\dist\out-tsc\src\app\components\vehicle\vehicle.component.js.map
D:\Projects\GIBDD\PL_ASP_5\ClientApp\dist\out-tsc\src\app\angular-material.module.js
D:\Projects\GIBDD\PL_ASP_5\ClientApp\dist\out-tsc\src\app\angular-material.module.js.map
D:\Projects\GIBDD\PL_ASP_5\ClientApp\dist\out-tsc\src\app\components\log-in\log-in.component.js
D:\Projects\GIBDD\PL_ASP_5\ClientApp\dist\out-tsc\src\app\components\log-in\log-in.component.js.map
D:\Projects\GIBDD\PL_ASP_5\ClientApp\dist\out-tsc\src\app\components\register\register.component.js
D:\Projects\GIBDD\PL_ASP_5\ClientApp\dist\out-tsc\src\app\components\register\register.component.js.map
D:\Projects\GIBDD\PL_ASP_5\ClientApp\dist\out-tsc\src\app\app.module.js
D:\Projects\GIBDD\PL_ASP_5\ClientApp\dist\out-tsc\src\app\app.module.js.map
D:\Projects\GIBDD\PL_ASP_5\ClientApp\dist\out-tsc\src\environments\environment.js
D:\Projects\GIBDD\PL_ASP_5\ClientApp\dist\out-tsc\src\environments\environment.js.map
D:\Projects\GIBDD\PL_ASP_5\ClientApp\dist\out-tsc\src\main.js
D:\Projects\GIBDD\PL_ASP_5\ClientApp\dist\out-tsc\src\main.js.map
D:\Projects\GIBDD\PL_ASP_5\ClientApp\dist\out-tsc\src\polyfills.js
D:\Projects\GIBDD\PL_ASP_5\ClientApp\dist\out-tsc\src\polyfills.js.map
D:\Projects\GIBDD\PL_ASP_5\ClientApp\dist\out-tsc\src\test.js
D:\Projects\GIBDD\PL_ASP_5\ClientApp\dist\out-tsc\src\test.js.map
D:\Projects\GIBDD\PL_ASP_5\ClientApp\dist\out-tsc\src\app\app.server.module.js
D:\Projects\GIBDD\PL_ASP_5\ClientApp\dist\out-tsc\src\app\app.server.module.js.map
D:\Projects\GIBDD\PL_ASP_5\ClientApp\dist\out-tsc\src\app\components\dialog-box\dialog-box.component.spec.js
D:\Projects\GIBDD\PL_ASP_5\ClientApp\dist\out-tsc\src\app\components\dialog-box\dialog-box.component.spec.js.map
D:\Projects\GIBDD\PL_ASP_5\ClientApp\dist\out-tsc\src\app\components\log-in\log-in.component.spec.js
D:\Projects\GIBDD\PL_ASP_5\ClientApp\dist\out-tsc\src\app\components\log-in\log-in.component.spec.js.map
D:\Projects\GIBDD\PL_ASP_5\ClientApp\dist\out-tsc\src\app\components\register\register.component.spec.js
D:\Projects\GIBDD\PL_ASP_5\ClientApp\dist\out-tsc\src\app\components\register\register.component.spec.js.map
D:\Projects\GIBDD\PL_ASP_5\ClientApp\dist\out-tsc\src\app\services\user\user.service.spec.js
D:\Projects\GIBDD\PL_ASP_5\ClientApp\dist\out-tsc\src\app\services\user\user.service.spec.js.map
D:\Projects\GIBDD\PL_ASP_5\ClientApp\dist\out-tsc\src\environments\environment.prod.js
D:\Projects\GIBDD\PL_ASP_5\ClientApp\dist\out-tsc\src\environments\environment.prod.js.map
