C:\Users\Alox1d\YandexDisk\Университет\Дисциплины\Конструирование инт. приложений\GIBDD\PL_ASP_5\ClientApp\e2e\src\app.po.js
C:\Users\Alox1d\YandexDisk\Университет\Дисциплины\Конструирование инт. приложений\GIBDD\PL_ASP_5\ClientApp\e2e\src\app.po.js.map
C:\Users\Alox1d\YandexDisk\Университет\Дисциплины\Конструирование инт. приложений\GIBDD\PL_ASP_5\ClientApp\e2e\src\app.e2e-spec.js
C:\Users\Alox1d\YandexDisk\Университет\Дисциплины\Конструирование инт. приложений\GIBDD\PL_ASP_5\ClientApp\e2e\src\app.e2e-spec.js.map
C:\Users\Alox1d\YandexDisk\Университет\Дисциплины\Конструирование инт. приложений\GIBDD\PL_ASP_5\ClientApp\src\app\app.component.js
C:\Users\Alox1d\YandexDisk\Университет\Дисциплины\Конструирование инт. приложений\GIBDD\PL_ASP_5\ClientApp\src\app\app.component.js.map
C:\Users\Alox1d\YandexDisk\Университет\Дисциплины\Конструирование инт. приложений\GIBDD\PL_ASP_5\ClientApp\src\app\nav-menu\nav-menu.component.js
C:\Users\Alox1d\YandexDisk\Университет\Дисциплины\Конструирование инт. приложений\GIBDD\PL_ASP_5\ClientApp\src\app\nav-menu\nav-menu.component.js.map
C:\Users\Alox1d\YandexDisk\Университет\Дисциплины\Конструирование инт. приложений\GIBDD\PL_ASP_5\ClientApp\src\app\home\home.component.js
C:\Users\Alox1d\YandexDisk\Университет\Дисциплины\Конструирование инт. приложений\GIBDD\PL_ASP_5\ClientApp\src\app\home\home.component.js.map
C:\Users\Alox1d\YandexDisk\Университет\Дисциплины\Конструирование инт. приложений\GIBDD\PL_ASP_5\ClientApp\src\app\counter\counter.component.js
C:\Users\Alox1d\YandexDisk\Университет\Дисциплины\Конструирование инт. приложений\GIBDD\PL_ASP_5\ClientApp\src\app\counter\counter.component.js.map
C:\Users\Alox1d\YandexDisk\Университет\Дисциплины\Конструирование инт. приложений\GIBDD\PL_ASP_5\ClientApp\src\app\fetch-data\fetch-data.component.js
C:\Users\Alox1d\YandexDisk\Университет\Дисциплины\Конструирование инт. приложений\GIBDD\PL_ASP_5\ClientApp\src\app\fetch-data\fetch-data.component.js.map
C:\Users\Alox1d\YandexDisk\Университет\Дисциплины\Конструирование инт. приложений\GIBDD\PL_ASP_5\ClientApp\src\app\app.module.js
C:\Users\Alox1d\YandexDisk\Университет\Дисциплины\Конструирование инт. приложений\GIBDD\PL_ASP_5\ClientApp\src\app\app.module.js.map
C:\Users\Alox1d\YandexDisk\Университет\Дисциплины\Конструирование инт. приложений\GIBDD\PL_ASP_5\ClientApp\src\environments\environment.js
C:\Users\Alox1d\YandexDisk\Университет\Дисциплины\Конструирование инт. приложений\GIBDD\PL_ASP_5\ClientApp\src\environments\environment.js.map
C:\Users\Alox1d\YandexDisk\Университет\Дисциплины\Конструирование инт. приложений\GIBDD\PL_ASP_5\ClientApp\src\main.js
C:\Users\Alox1d\YandexDisk\Университет\Дисциплины\Конструирование инт. приложений\GIBDD\PL_ASP_5\ClientApp\src\main.js.map
C:\Users\Alox1d\YandexDisk\Университет\Дисциплины\Конструирование инт. приложений\GIBDD\PL_ASP_5\ClientApp\src\polyfills.js
C:\Users\Alox1d\YandexDisk\Университет\Дисциплины\Конструирование инт. приложений\GIBDD\PL_ASP_5\ClientApp\src\polyfills.js.map
C:\Users\Alox1d\YandexDisk\Университет\Дисциплины\Конструирование инт. приложений\GIBDD\PL_ASP_5\ClientApp\src\test.js
C:\Users\Alox1d\YandexDisk\Университет\Дисциплины\Конструирование инт. приложений\GIBDD\PL_ASP_5\ClientApp\src\test.js.map
C:\Users\Alox1d\YandexDisk\Университет\Дисциплины\Конструирование инт. приложений\GIBDD\PL_ASP_5\ClientApp\src\app\app.server.module.js
C:\Users\Alox1d\YandexDisk\Университет\Дисциплины\Конструирование инт. приложений\GIBDD\PL_ASP_5\ClientApp\src\app\app.server.module.js.map
C:\Users\Alox1d\YandexDisk\Университет\Дисциплины\Конструирование инт. приложений\GIBDD\PL_ASP_5\ClientApp\src\app\counter\counter.component.spec.js
C:\Users\Alox1d\YandexDisk\Университет\Дисциплины\Конструирование инт. приложений\GIBDD\PL_ASP_5\ClientApp\src\app\counter\counter.component.spec.js.map
C:\Users\Alox1d\YandexDisk\Университет\Дисциплины\Конструирование инт. приложений\GIBDD\PL_ASP_5\ClientApp\src\environments\environment.prod.js
C:\Users\Alox1d\YandexDisk\Университет\Дисциплины\Конструирование инт. приложений\GIBDD\PL_ASP_5\ClientApp\src\environments\environment.prod.js.map
